2023-03-22 01:36:39,202 - INFO : 
------------------------------------------------------------------------------
  PyXLL 

  Version          5.5.4
  Buildtime        2022-12-23 15:53
  Python version   3.10
  Excel version    16.0 (64 bit)

  www.pyxll.com
------------------------------------------------------------------------------
2023-03-22 01:36:40,218 - WARNING : aiohttp could not be imported. Async example will not work
Traceback (most recent call last):
  File "C:\Users\bimas\OneDrive\Desktop\house_py\examples\asyncfunc.py", line 24, in <module>
    import aiohttp
  File "build/x64/py310/res/release/pyxll.py", line 8550, in __import_hook
ModuleNotFoundError: No module named 'aiohttp'
2023-03-22 01:36:40,267 - WARNING : *** win32api could not be imported.                ***
2023-03-22 01:36:40,267 - WARNING : *** Some of the ribbon examples will not work.     ***
2023-03-22 01:36:40,267 - WARNING : *** to fix this, install the pywin32 extensions.   ***
2023-03-22 01:36:40,281 - INFO : The license will expire on 2023-04-20 (29 days left)
2023-03-22 01:36:44,602 - INFO : CurrentTimeRTD Connected
2023-03-22 01:43:25,661 - INFO : callbacks.on_close: PyXLL is closing
2023-03-22 01:43:26,887 - INFO : CurrentTimeRTD Disconnected
2023-03-22 01:43:54,407 - INFO : 
------------------------------------------------------------------------------
  PyXLL 

  Version          5.5.4
  Buildtime        2022-12-23 15:53
  Python version   3.10
  Excel version    16.0 (64 bit)

  www.pyxll.com
------------------------------------------------------------------------------
2023-03-22 01:43:55,290 - WARNING : aiohttp could not be imported. Async example will not work
Traceback (most recent call last):
  File "C:\Users\bimas\OneDrive\Desktop\house_py\examples\asyncfunc.py", line 24, in <module>
    import aiohttp
  File "build/x64/py310/res/release/pyxll.py", line 8550, in __import_hook
ModuleNotFoundError: No module named 'aiohttp'
2023-03-22 01:43:55,367 - WARNING : *** win32api could not be imported.                ***
2023-03-22 01:43:55,367 - WARNING : *** Some of the ribbon examples will not work.     ***
2023-03-22 01:43:55,367 - WARNING : *** to fix this, install the pywin32 extensions.   ***
2023-03-22 01:43:55,387 - INFO : The license will expire on 2023-04-20 (29 days left)
2023-03-22 01:44:53,025 - INFO : callbacks.on_close: PyXLL is closing
2023-03-22 01:45:10,106 - INFO : 
------------------------------------------------------------------------------
  PyXLL 

  Version          5.5.4
  Buildtime        2022-12-23 15:53
  Python version   3.10
  Excel version    16.0 (64 bit)

  www.pyxll.com
------------------------------------------------------------------------------
2023-03-22 01:45:10,994 - WARNING : aiohttp could not be imported. Async example will not work
Traceback (most recent call last):
  File "C:\Users\bimas\OneDrive\Desktop\house_py\examples\asyncfunc.py", line 24, in <module>
    import aiohttp
  File "build/x64/py310/res/release/pyxll.py", line 8550, in __import_hook
ModuleNotFoundError: No module named 'aiohttp'
2023-03-22 01:45:11,047 - WARNING : *** win32api could not be imported.                ***
2023-03-22 01:45:11,047 - WARNING : *** Some of the ribbon examples will not work.     ***
2023-03-22 01:45:11,047 - WARNING : *** to fix this, install the pywin32 extensions.   ***
2023-03-22 01:45:11,068 - INFO : The license will expire on 2023-04-20 (29 days left)
2023-03-22 01:47:18,240 - INFO : callbacks.on_close: PyXLL is closing
2023-03-22 01:47:29,752 - INFO : 
------------------------------------------------------------------------------
  PyXLL 

  Version          5.5.4
  Buildtime        2022-12-23 15:53
  Python version   3.10
  Excel version    16.0 (64 bit)

  www.pyxll.com
------------------------------------------------------------------------------
2023-03-22 01:47:30,631 - WARNING : aiohttp could not be imported. Async example will not work
Traceback (most recent call last):
  File "C:\Users\bimas\OneDrive\Desktop\house_py\examples\asyncfunc.py", line 24, in <module>
    import aiohttp
  File "build/x64/py310/res/release/pyxll.py", line 8550, in __import_hook
ModuleNotFoundError: No module named 'aiohttp'
2023-03-22 01:47:30,670 - WARNING : *** win32api could not be imported.                ***
2023-03-22 01:47:30,670 - WARNING : *** Some of the ribbon examples will not work.     ***
2023-03-22 01:47:30,670 - WARNING : *** to fix this, install the pywin32 extensions.   ***
2023-03-22 01:47:30,691 - INFO : The license will expire on 2023-04-20 (29 days left)
2023-03-22 02:17:00,529 - INFO : callbacks.on_close: PyXLL is closing
2023-03-22 02:17:21,823 - INFO : 
------------------------------------------------------------------------------
  PyXLL 

  Version          5.5.4
  Buildtime        2022-12-23 15:53
  Python version   3.10
  Excel version    16.0 (64 bit)

  www.pyxll.com
------------------------------------------------------------------------------
2023-03-22 02:17:24,025 - WARNING : aiohttp could not be imported. Async example will not work
Traceback (most recent call last):
  File "C:\Users\bimas\OneDrive\Desktop\house_py\examples\asyncfunc.py", line 24, in <module>
    import aiohttp
  File "build/x64/py310/res/release/pyxll.py", line 8550, in __import_hook
ModuleNotFoundError: No module named 'aiohttp'
2023-03-22 02:17:24,375 - INFO : The license will expire on 2023-04-20 (29 days left)
2023-03-22 02:18:44,185 - INFO : callbacks.on_close: PyXLL is closing
2023-03-22 02:18:49,684 - INFO : 
------------------------------------------------------------------------------
  PyXLL 

  Version          5.5.4
  Buildtime        2022-12-23 15:53
  Python version   3.10
  Excel version    16.0 (64 bit)

  www.pyxll.com
------------------------------------------------------------------------------
2023-03-22 02:18:50,656 - WARNING : aiohttp could not be imported. Async example will not work
Traceback (most recent call last):
  File "C:\Users\bimas\OneDrive\Desktop\house_py\examples\asyncfunc.py", line 24, in <module>
    import aiohttp
  File "build/x64/py310/res/release/pyxll.py", line 8550, in __import_hook
ModuleNotFoundError: No module named 'aiohttp'
2023-03-22 02:18:50,718 - INFO : The license will expire on 2023-04-20 (29 days left)
2023-03-22 02:18:58,315 - INFO : callbacks.on_close: PyXLL is closing
2023-03-22 02:19:08,756 - INFO : 
------------------------------------------------------------------------------
  PyXLL 

  Version          5.5.4
  Buildtime        2022-12-23 15:53
  Python version   3.10
  Excel version    16.0 (64 bit)

  www.pyxll.com
------------------------------------------------------------------------------
2023-03-22 02:19:09,726 - WARNING : aiohttp could not be imported. Async example will not work
Traceback (most recent call last):
  File "C:\Users\bimas\OneDrive\Desktop\house_py\examples\asyncfunc.py", line 24, in <module>
    import aiohttp
  File "build/x64/py310/res/release/pyxll.py", line 8550, in __import_hook
ModuleNotFoundError: No module named 'aiohttp'
2023-03-22 02:19:09,786 - INFO : The license will expire on 2023-04-20 (29 days left)
2023-03-22 02:19:13,212 - INFO : callbacks.on_close: PyXLL is closing
2023-03-22 02:19:18,076 - INFO : 
------------------------------------------------------------------------------
  PyXLL 

  Version          5.5.4
  Buildtime        2022-12-23 15:53
  Python version   3.10
  Excel version    16.0 (64 bit)

  www.pyxll.com
------------------------------------------------------------------------------
2023-03-22 02:19:19,065 - WARNING : aiohttp could not be imported. Async example will not work
Traceback (most recent call last):
  File "C:\Users\bimas\OneDrive\Desktop\house_py\examples\asyncfunc.py", line 24, in <module>
    import aiohttp
  File "build/x64/py310/res/release/pyxll.py", line 8550, in __import_hook
ModuleNotFoundError: No module named 'aiohttp'
2023-03-22 02:19:19,124 - INFO : The license will expire on 2023-04-20 (29 days left)
2023-03-22 02:38:48,544 - INFO : callbacks.on_close: PyXLL is closing
2023-03-22 02:38:56,866 - INFO : 
------------------------------------------------------------------------------
  PyXLL 

  Version          5.5.4
  Buildtime        2022-12-23 15:53
  Python version   3.10
  Excel version    16.0 (64 bit)

  www.pyxll.com
------------------------------------------------------------------------------
2023-03-22 02:38:57,850 - WARNING : aiohttp could not be imported. Async example will not work
Traceback (most recent call last):
  File "C:\Users\bimas\OneDrive\Desktop\house_py\examples\asyncfunc.py", line 24, in <module>
    import aiohttp
  File "build/x64/py310/res/release/pyxll.py", line 8550, in __import_hook
ModuleNotFoundError: No module named 'aiohttp'
2023-03-22 02:39:07,215 - INFO : The license will expire on 2023-04-20 (29 days left)
2023-03-22 02:48:58,743 - ERROR : Error calling function predict
2023-03-22 02:48:58,744 - ERROR : Traceback (most recent call last):
2023-03-22 02:48:58,744 - ERROR :   File "build/x64/py310/res/release/pyxll.py", line 5647, in arg_convert_func
2023-03-22 02:48:58,744 - ERROR :   File "build/x64/py310/res/release/pyxll.py", line 2098, in bound_converter
2023-03-22 02:48:58,744 - ERROR :   File "build/x64/py310/res/release/pyxll.py", line 3900, in _var_to_pandas_dataframe
2023-03-22 02:48:58,744 - ERROR : TypeError: Expected a list of lists
2023-03-22 03:07:36,672 - INFO : callbacks.on_close: PyXLL is closing
2023-03-22 05:36:38,038 - INFO : 
------------------------------------------------------------------------------
  PyXLL 

  Version          5.5.4
  Buildtime        2022-12-23 15:53
  Python version   3.10
  Excel version    16.0 (64 bit)

  www.pyxll.com
------------------------------------------------------------------------------
2023-03-22 05:36:38,905 - WARNING : aiohttp could not be imported. Async example will not work
Traceback (most recent call last):
  File "C:\Users\bimas\OneDrive\Desktop\house_py\examples\asyncfunc.py", line 24, in <module>
    import aiohttp
  File "build/x64/py310/res/release/pyxll.py", line 8550, in __import_hook
ModuleNotFoundError: No module named 'aiohttp'
2023-03-22 05:36:42,279 - INFO : The license will expire on 2023-04-20 (29 days left)
2023-03-22 05:54:04,751 - INFO : callbacks.on_close: PyXLL is closing
2023-03-22 05:54:04,798 - INFO : callbacks.on_close: PyXLL is closing
2023-03-22 05:54:04,854 - INFO : callbacks.on_close: PyXLL is closing
2023-03-22 05:54:04,882 - INFO : callbacks.on_close: PyXLL is closing
2023-03-22 05:54:04,913 - INFO : callbacks.on_close: PyXLL is closing
2023-03-22 05:54:04,945 - INFO : callbacks.on_close: PyXLL is closing
2023-03-22 05:54:04,984 - INFO : callbacks.on_close: PyXLL is closing
2023-03-22 05:54:05,706 - INFO : callbacks.on_close: PyXLL is closing
